[debug] [2025-06-11T23:44:29.246Z] ----------------------------------------------------------------------
[debug] [2025-06-11T23:44:29.255Z] Command:       C:\Program Files\nodejs\node.exe C:\Users\Liz\AppData\Roaming\npm\node_modules\firebase-tools\lib\bin\firebase.js functions:shell
[debug] [2025-06-11T23:44:29.255Z] CLI Version:   14.6.0
[debug] [2025-06-11T23:44:29.255Z] Platform:      win32
[debug] [2025-06-11T23:44:29.255Z] Node Version:  v22.16.0
[debug] [2025-06-11T23:44:29.256Z] Time:          Thu Jun 12 2025 01:44:29 GMT+0200 (hora de verano de Europa central)
[debug] [2025-06-11T23:44:29.256Z] ----------------------------------------------------------------------
[debug] 
[debug] [2025-06-11T23:44:29.258Z] >>> [apiv2][query] GET https://firebase-public.firebaseio.com/cli.json [none]
[debug] [2025-06-11T23:44:29.508Z] > command requires scopes: ["email","openid","https://www.googleapis.com/auth/cloudplatformprojects.readonly","https://www.googleapis.com/auth/firebase","https://www.googleapis.com/auth/cloud-platform"]
[debug] [2025-06-11T23:44:29.509Z] > authorizing via signed-in user (lizcontreras2224h@gmail.com)
[debug] [2025-06-11T23:44:29.509Z] [iam] checking project euroclass-81c0e for permissions ["firebase.projects.get"]
[debug] [2025-06-11T23:44:29.509Z] Checked if tokens are valid: false, expires at: 1749601984143
[debug] [2025-06-11T23:44:29.510Z] Checked if tokens are valid: false, expires at: 1749601984143
[debug] [2025-06-11T23:44:29.510Z] > refreshing access token with scopes: []
[debug] [2025-06-11T23:44:29.510Z] >>> [apiv2][query] POST https://www.googleapis.com/oauth2/v3/token [none]
[debug] [2025-06-11T23:44:29.511Z] >>> [apiv2][body] POST https://www.googleapis.com/oauth2/v3/token [omitted]
[debug] [2025-06-11T23:44:29.610Z] <<< [apiv2][status] POST https://www.googleapis.com/oauth2/v3/token 200
[debug] [2025-06-11T23:44:29.611Z] <<< [apiv2][body] POST https://www.googleapis.com/oauth2/v3/token [omitted]
[debug] [2025-06-11T23:44:29.616Z] >>> [apiv2][query] POST https://cloudresourcemanager.googleapis.com/v1/projects/euroclass-81c0e:testIamPermissions [none]
[debug] [2025-06-11T23:44:29.616Z] >>> [apiv2][(partial)header] POST https://cloudresourcemanager.googleapis.com/v1/projects/euroclass-81c0e:testIamPermissions x-goog-quota-user=projects/euroclass-81c0e
[debug] [2025-06-11T23:44:29.616Z] >>> [apiv2][body] POST https://cloudresourcemanager.googleapis.com/v1/projects/euroclass-81c0e:testIamPermissions {"permissions":["firebase.projects.get"]}
[debug] [2025-06-11T23:44:29.743Z] <<< [apiv2][status] GET https://firebase-public.firebaseio.com/cli.json 200
[debug] [2025-06-11T23:44:29.744Z] <<< [apiv2][body] GET https://firebase-public.firebaseio.com/cli.json {"cloudBuildErrorAfter":1594252800000,"cloudBuildWarnAfter":1590019200000,"defaultNode10After":1594252800000,"minVersion":"3.0.5","node8DeploysDisabledAfter":1613390400000,"node8RuntimeDisabledAfter":1615809600000,"node8WarnAfter":1600128000000}
[debug] [2025-06-11T23:44:30.256Z] <<< [apiv2][status] POST https://cloudresourcemanager.googleapis.com/v1/projects/euroclass-81c0e:testIamPermissions 200
[debug] [2025-06-11T23:44:30.256Z] <<< [apiv2][body] POST https://cloudresourcemanager.googleapis.com/v1/projects/euroclass-81c0e:testIamPermissions {"permissions":["firebase.projects.get"]}
[debug] [2025-06-11T23:44:30.261Z] [functions] Functions Emulator only supports listening on one address (127.0.0.1). Not listening on ::1
[debug] [2025-06-11T23:44:30.273Z] defaultcredentials: writing to file C:\Users\Liz\AppData\Roaming\firebase\lizcontreras2224h_gmail_com_application_default_credentials.json
[debug] [2025-06-11T23:44:30.274Z] DEBUG: Setting GAC to C:\Users\Liz\AppData\Roaming\firebase\lizcontreras2224h_gmail_com_application_default_credentials.json
[debug] [2025-06-11T23:44:30.275Z] Checked if tokens are valid: true, expires at: 1749689068611
[debug] [2025-06-11T23:44:30.275Z] Checked if tokens are valid: true, expires at: 1749689068611
[debug] [2025-06-11T23:44:30.275Z] >>> [apiv2][query] GET https://firebase.googleapis.com/v1beta1/projects/euroclass-81c0e/adminSdkConfig [none]
[debug] [2025-06-11T23:44:30.520Z] <<< [apiv2][status] GET https://firebase.googleapis.com/v1beta1/projects/euroclass-81c0e/adminSdkConfig 200
[debug] [2025-06-11T23:44:30.520Z] <<< [apiv2][body] GET https://firebase.googleapis.com/v1beta1/projects/euroclass-81c0e/adminSdkConfig {"projectId":"euroclass-81c0e","storageBucket":"euroclass-81c0e.firebasestorage.app"}
[debug] [2025-06-11T23:44:30.530Z] [functions] Watching "C:\Users\Liz\AndroidStudioProjects\EurogymClass\functions" for Cloud Functions...
[debug] [2025-06-11T23:44:30.535Z] Validating nodejs source
[debug] [2025-06-11T23:44:31.865Z] > [functions] package.json contents: {
  "name": "functions",
  "description": "Cloud Functions for Firebase",
  "scripts": {
    "serve": "firebase emulators:start --only functions",
    "shell": "firebase functions:shell",
    "start": "npm run shell",
    "deploy": "firebase deploy --only functions",
    "logs": "firebase functions:log"
  },
  "engines": {
    "node": "22"
  },
  "main": "index.js",
  "dependencies": {
    "firebase-admin": "^12.6.0",
    "firebase-functions": "^4.4.1"
  },
  "devDependencies": {
    "firebase-functions-test": "^3.1.0"
  },
  "private": true
}
[debug] [2025-06-11T23:44:31.865Z] Building nodejs source
[debug] [2025-06-11T23:44:31.866Z] Failed to find version of module node: reached end of search path C:\Users\Liz\AndroidStudioProjects\EurogymClass\functions\node_modules
[info] +  functions: Using node@22 from host. 
[debug] [2025-06-11T23:44:31.868Z] Could not find functions.yaml. Must use http discovery
[debug] [2025-06-11T23:44:31.876Z] Found firebase-functions binary at 'C:\Users\Liz\AndroidStudioProjects\EurogymClass\functions\node_modules\.bin\firebase-functions'
[info] Serving at port 8270

[debug] [2025-06-11T23:44:32.775Z] Got response from /__/functions.yaml {"endpoints":{"reiniciarReservasSemanal":{"availableMemoryMb":null,"timeoutSeconds":null,"minInstances":null,"maxInstances":null,"ingressSettings":null,"concurrency":null,"serviceAccountEmail":null,"vpc":null,"platform":"gcfv2","labels":{},"scheduleTrigger":{"schedule":"0 0 * * 1","retryConfig":{},"timeZone":"Europe/Madrid"},"entryPoint":"reiniciarReservasSemanal"}},"specVersion":"v1alpha1","requiredAPIs":[{"api":"cloudscheduler.googleapis.com","reason":"Needed for scheduled functions."}],"extensions":{}}
[debug] [2025-06-11T23:44:36.812Z] [functions] Loaded functions definitions from source: reiniciarReservasSemanal.
[debug] [2025-06-11T23:44:36.813Z] [functions[us-central1-reiniciarReservasSemanal]] function ignored because the pubsub emulator does not exist or is not running.
[info] i  functions: Loaded functions: reiniciarReservasSemanal 
[warn] !  functions: The following emulators are not running, calls to these services will affect production: firestore, database, pubsub, storage, eventarc, tasks 
